<?xml version="1.0" encoding="UTF-8"?>
<!-- Generated by org.testng.reporters.JUnitReportReporter -->
<testsuite hostname="040693" failures="0" tests="1" name="com.Amazon.TestClasses.TC_001VerifyLoginFunctionality" time="38.607" errors="0" timestamp="2022-10-30T17:48:33 IST" skipped="0">
  <testcase classname="com.Amazon.TestClasses.TC_001VerifyLoginFunctionality" name="VerifyLoginFunctionality" time="38.607"/>
  <system-out/>
</testsuite> <!-- com.Amazon.TestClasses.TC_001VerifyLoginFunctionality -->
